The following modules were not unloaded:
  (Use "module --force purge" to unload all):

  1) CCconfig         4) imkl/2020.1.217    7) libfabric/1.10.1
  2) gentoo/2020      5) intel/2020.1.217   8) openmpi/4.0.3
  3) gcccore/.9.3.0   6) ucx/1.8.0          9) StdEnv/2020
Unloading StdEnv/2020

Inactive Modules:
  1) ipykernel/2023a     2) libffi/3.3

The following have been reloaded with a version change:
  1) gcccore/.9.3.0 => gcccore/.5.4.0
  2) imkl/2020.1.217 => imkl/11.3.4.258
  3) intel/2020.1.217 => intel/2016.4
  4) python/3.8.10 => python/3.7.4
  5) scipy-stack/2023a => scipy-stack/2019a


Lmod is automatically replacing "nixpkgs/16.09" with "gentoo/2020".


Lmod is automatically replacing "intel/2020.1.217" with "gcc/9.3.0".


Inactive Modules:
  1) cuda/8.0.44     3) fftw/3.3.6      5) magma/2.2.0
  2) cudnn/5.1       4) hdf5/1.8.18     6) torch/20171030

Activating Modules:
  1) ipykernel/2023a     2) libffi/3.3

The following have been reloaded with a version change:
  1) gcccore/.5.4.0 => gcccore/.9.3.0
  2) imkl/11.3.4.258 => imkl/2020.1.217
  3) python/3.7.4 => python/3.10.2
  4) scipy-stack/2019a => scipy-stack/2023a

created virtual environment CPython3.10.2.final.0-64 in 16437ms
  creator CPython3Posix(dest=/localscratch/bmachado.10152286.0/VENV, clear=False, no_vcs_ignore=False, global=False)
  seeder FromAppData(download=False, pip=bundle, setuptools=bundle, wheel=bundle, via=copy, app_data_dir=/home/bmachado/.local/share/virtualenv)
    added seed packages: pip==23.2.1, setuptools==68.0.0+computecanada, wheel==0.41.1
  activators BashActivator,CShellActivator,FishActivator,NushellActivator,PowerShellActivator,PythonActivator
Looking in links: /cvmfs/soft.computecanada.ca/custom/python/wheelhouse/gentoo/avx2, /cvmfs/soft.computecanada.ca/custom/python/wheelhouse/gentoo/generic, /cvmfs/soft.computecanada.ca/custom/python/wheelhouse/generic
Requirement already satisfied: pip in /localscratch/bmachado.10152286.0/VENV/lib/python3.10/site-packages (23.2.1)
Looking in links: /cvmfs/soft.computecanada.ca/custom/python/wheelhouse/gentoo/avx2, /cvmfs/soft.computecanada.ca/custom/python/wheelhouse/gentoo/generic, /cvmfs/soft.computecanada.ca/custom/python/wheelhouse/generic
Processing ./ultralytics-8.0.158-py3-none-any.whl (from -r requirements_dra.txt (line 18))
Processing ./comet_ml-3.33.6-py3-none-any.whl (from -r requirements_dra.txt (line 24))
Processing /cvmfs/soft.computecanada.ca/custom/python/wheelhouse/generic/GitPython-3.1.31+computecanada-py3-none-any.whl (from -r requirements_dra.txt (line 5))
Requirement already satisfied: matplotlib>=3.3 in /cvmfs/soft.computecanada.ca/easybuild/software/2020/avx2/Core/scipy-stack/2023a/lib/python3.10/site-packages (from -r requirements_dra.txt (line 6)) (3.7.0+computecanada)
Requirement already satisfied: numpy>=1.18.5 in /cvmfs/soft.computecanada.ca/easybuild/software/2020/avx2/Core/scipy-stack/2023a/lib/python3.10/site-packages (from -r requirements_dra.txt (line 7)) (1.24.2+computecanada)
Requirement already satisfied: opencv-python>=4.1.1 in /cvmfs/soft.computecanada.ca/easybuild/software/2020/avx2/Compiler/gcc9/opencv/4.8.0/lib/python3.10/site-packages (from -r requirements_dra.txt (line 8)) (4.8.0)
Requirement already satisfied: Pillow>=7.1.2 in /cvmfs/soft.computecanada.ca/easybuild/software/2020/avx2/Core/scipy-stack/2023a/lib/python3.10/site-packages (from -r requirements_dra.txt (line 9)) (9.4.0+computecanada)
Requirement already satisfied: psutil in /cvmfs/soft.computecanada.ca/easybuild/software/2020/avx2/Core/ipykernel/2023a/lib/python3.10/site-packages (from -r requirements_dra.txt (line 10)) (5.9.4+computecanada)
Requirement already satisfied: PyYAML>=5.3.1 in /cvmfs/soft.computecanada.ca/easybuild/software/2020/avx2/Core/scipy-stack/2023a/lib/python3.10/site-packages (from -r requirements_dra.txt (line 11)) (6.0+computecanada)
Requirement already satisfied: requests>=2.23.0 in /cvmfs/soft.computecanada.ca/easybuild/software/2020/avx2/Core/scipy-stack/2023a/lib/python3.10/site-packages (from -r requirements_dra.txt (line 12)) (2.28.2+computecanada)
Requirement already satisfied: scipy>=1.4.1 in /cvmfs/soft.computecanada.ca/easybuild/software/2020/avx2/Core/scipy-stack/2023a/lib/python3.10/site-packages (from -r requirements_dra.txt (line 13)) (1.10.1+computecanada)
Processing /cvmfs/soft.computecanada.ca/custom/python/wheelhouse/generic/thop-0.1.1.post2209072238+computecanada-py3-none-any.whl (from -r requirements_dra.txt (line 14))
Processing /cvmfs/soft.computecanada.ca/custom/python/wheelhouse/gentoo/avx2/torch-2.0.1+computecanada-cp310-cp310-linux_x86_64.whl (from -r requirements_dra.txt (line 15))
Processing /cvmfs/soft.computecanada.ca/custom/python/wheelhouse/gentoo/generic/torchvision-0.15.2+computecanada-cp310-cp310-linux_x86_64.whl (from -r requirements_dra.txt (line 16))
Processing /cvmfs/soft.computecanada.ca/custom/python/wheelhouse/generic/tqdm-4.66.1+computecanada-py3-none-any.whl (from -r requirements_dra.txt (line 17))
Requirement already satisfied: pandas>=1.1.4 in /cvmfs/soft.computecanada.ca/easybuild/software/2020/avx2/Core/scipy-stack/2023a/lib/python3.10/site-packages (from -r requirements_dra.txt (line 27)) (1.5.3+computecanada)
Processing /cvmfs/soft.computecanada.ca/custom/python/wheelhouse/generic/seaborn-0.12.2+computecanada-py3-none-any.whl (from -r requirements_dra.txt (line 28))
Requirement already satisfied: setuptools>=65.5.1 in /localscratch/bmachado.10152286.0/VENV/lib/python3.10/site-packages (from -r requirements_dra.txt (line 42)) (68.0.0+computecanada)
Processing /cvmfs/soft.computecanada.ca/custom/python/wheelhouse/generic/gitdb-4.0.10+computecanada-py3-none-any.whl (from gitpython>=3.1.30->-r requirements_dra.txt (line 5))
Requirement already satisfied: contourpy>=1.0.1 in /cvmfs/soft.computecanada.ca/easybuild/software/2020/avx2/Core/scipy-stack/2023a/lib/python3.10/site-packages (from matplotlib>=3.3->-r requirements_dra.txt (line 6)) (1.0.7+computecanada)
Requirement already satisfied: cycler>=0.10 in /cvmfs/soft.computecanada.ca/easybuild/software/2020/avx2/Core/scipy-stack/2023a/lib/python3.10/site-packages (from matplotlib>=3.3->-r requirements_dra.txt (line 6)) (0.11.0+computecanada)
Requirement already satisfied: fonttools>=4.22.0 in /cvmfs/soft.computecanada.ca/easybuild/software/2020/avx2/Core/scipy-stack/2023a/lib/python3.10/site-packages (from matplotlib>=3.3->-r requirements_dra.txt (line 6)) (4.38.0+computecanada)
Requirement already satisfied: kiwisolver>=1.0.1 in /cvmfs/soft.computecanada.ca/easybuild/software/2020/avx2/Core/scipy-stack/2023a/lib/python3.10/site-packages (from matplotlib>=3.3->-r requirements_dra.txt (line 6)) (1.4.4+computecanada)
Requirement already satisfied: packaging>=20.0 in /cvmfs/soft.computecanada.ca/easybuild/software/2020/avx2/Core/ipykernel/2023a/lib/python3.10/site-packages (from matplotlib>=3.3->-r requirements_dra.txt (line 6)) (23.0+computecanada)
Requirement already satisfied: pyparsing>=2.3.1 in /cvmfs/soft.computecanada.ca/easybuild/software/2020/avx2/Core/scipy-stack/2023a/lib/python3.10/site-packages (from matplotlib>=3.3->-r requirements_dra.txt (line 6)) (3.0.9+computecanada)
Requirement already satisfied: python-dateutil>=2.7 in /cvmfs/soft.computecanada.ca/easybuild/software/2020/avx2/Core/ipykernel/2023a/lib/python3.10/site-packages (from matplotlib>=3.3->-r requirements_dra.txt (line 6)) (2.8.2+computecanada)
Requirement already satisfied: charset-normalizer<4,>=2 in /cvmfs/soft.computecanada.ca/easybuild/software/2020/avx2/Core/scipy-stack/2023a/lib/python3.10/site-packages (from requests>=2.23.0->-r requirements_dra.txt (line 12)) (3.0.1+computecanada)
Requirement already satisfied: idna<4,>=2.5 in /cvmfs/soft.computecanada.ca/easybuild/software/2020/avx2/Core/scipy-stack/2023a/lib/python3.10/site-packages (from requests>=2.23.0->-r requirements_dra.txt (line 12)) (3.4+computecanada)
Requirement already satisfied: urllib3<1.27,>=1.21.1 in /cvmfs/soft.computecanada.ca/easybuild/software/2020/avx2/Core/scipy-stack/2023a/lib/python3.10/site-packages (from requests>=2.23.0->-r requirements_dra.txt (line 12)) (1.26.14+computecanada)
Requirement already satisfied: certifi>=2017.4.17 in /cvmfs/soft.computecanada.ca/easybuild/software/2020/avx2/Core/scipy-stack/2023a/lib/python3.10/site-packages (from requests>=2.23.0->-r requirements_dra.txt (line 12)) (2022.12.7+computecanada)
Processing /cvmfs/soft.computecanada.ca/custom/python/wheelhouse/generic/filelock-3.12.0+computecanada-py3-none-any.whl (from torch>=1.7.0->-r requirements_dra.txt (line 15))
Requirement already satisfied: typing-extensions in /cvmfs/soft.computecanada.ca/easybuild/software/2020/avx2/Core/scipy-stack/2023a/lib/python3.10/site-packages (from torch>=1.7.0->-r requirements_dra.txt (line 15)) (4.5.0+computecanada)
Requirement already satisfied: sympy in /cvmfs/soft.computecanada.ca/easybuild/software/2020/avx2/Core/scipy-stack/2023a/lib/python3.10/site-packages (from torch>=1.7.0->-r requirements_dra.txt (line 15)) (1.11.1+computecanada)
Processing /cvmfs/soft.computecanada.ca/custom/python/wheelhouse/generic/networkx-3.1+computecanada-py3-none-any.whl (from torch>=1.7.0->-r requirements_dra.txt (line 15))
Requirement already satisfied: jinja2 in /cvmfs/soft.computecanada.ca/easybuild/software/2020/avx2/Core/scipy-stack/2023a/lib/python3.10/site-packages (from torch>=1.7.0->-r requirements_dra.txt (line 15)) (3.1.2+computecanada)
Processing /cvmfs/soft.computecanada.ca/custom/python/wheelhouse/gentoo/avx2/Pillow_SIMD-9.0.0.post1+computecanada-cp310-cp310-linux_x86_64.whl (from torchvision>=0.8.1->-r requirements_dra.txt (line 16))
Processing /cvmfs/soft.computecanada.ca/custom/python/wheelhouse/generic/py_cpuinfo-9.0.0+computecanada-py3-none-any.whl (from ultralytics==8.0.158->-r requirements_dra.txt (line 18))
Requirement already satisfied: jsonschema!=3.1.0,>=2.6.0 in /cvmfs/soft.computecanada.ca/easybuild/software/2020/avx2/Core/scipy-stack/2023a/lib/python3.10/site-packages (from comet-ml==3.33.6->-r requirements_dra.txt (line 24)) (4.17.3+computecanada)
Processing /cvmfs/soft.computecanada.ca/custom/python/wheelhouse/generic/python_box-6.0.2+computecanada-cp310-cp310-linux_x86_64.whl (from comet-ml==3.33.6->-r requirements_dra.txt (line 24))
Processing /cvmfs/soft.computecanada.ca/custom/python/wheelhouse/generic/requests_toolbelt-0.9.1+computecanada-py2.py3-none-any.whl (from comet-ml==3.33.6->-r requirements_dra.txt (line 24))
Processing /cvmfs/soft.computecanada.ca/custom/python/wheelhouse/generic/semantic_version-2.10.0+computecanada-py2.py3-none-any.whl (from comet-ml==3.33.6->-r requirements_dra.txt (line 24))
Processing /cvmfs/soft.computecanada.ca/custom/python/wheelhouse/generic/sentry_sdk-1.25.1+computecanada-py2.py3-none-any.whl (from comet-ml==3.33.6->-r requirements_dra.txt (line 24))
Processing /cvmfs/soft.computecanada.ca/custom/python/wheelhouse/generic/simplejson-3.19.1+computecanada-cp310-cp310-linux_x86_64.whl (from comet-ml==3.33.6->-r requirements_dra.txt (line 24))
Requirement already satisfied: six in /cvmfs/soft.computecanada.ca/easybuild/software/2020/avx2/Core/ipykernel/2023a/lib/python3.10/site-packages (from comet-ml==3.33.6->-r requirements_dra.txt (line 24)) (1.16.0+computecanada)
Processing /cvmfs/soft.computecanada.ca/custom/python/wheelhouse/generic/websocket_client-1.3.3+computecanada-py3-none-any.whl (from comet-ml==3.33.6->-r requirements_dra.txt (line 24))
Processing /cvmfs/soft.computecanada.ca/custom/python/wheelhouse/generic/wrapt-1.15.0+computecanada-cp310-cp310-linux_x86_64.whl (from comet-ml==3.33.6->-r requirements_dra.txt (line 24))
Processing /cvmfs/soft.computecanada.ca/custom/python/wheelhouse/generic/wurlitzer-3.0.3+computecanada-py3-none-any.whl (from comet-ml==3.33.6->-r requirements_dra.txt (line 24))
Processing /cvmfs/soft.computecanada.ca/custom/python/wheelhouse/generic/everett-2.0.1+computecanada-py2.py3-none-any.whl (from comet-ml==3.33.6->-r requirements_dra.txt (line 24))
Processing /cvmfs/soft.computecanada.ca/custom/python/wheelhouse/generic/dulwich-0.21.3+computecanada-cp310-cp310-linux_x86_64.whl (from comet-ml==3.33.6->-r requirements_dra.txt (line 24))
Processing /cvmfs/soft.computecanada.ca/custom/python/wheelhouse/generic/rich-13.5.2+computecanada-py3-none-any.whl (from comet-ml==3.33.6->-r requirements_dra.txt (line 24))
Requirement already satisfied: pytz>=2020.1 in /cvmfs/soft.computecanada.ca/easybuild/software/2020/avx2/Core/scipy-stack/2023a/lib/python3.10/site-packages (from pandas>=1.1.4->-r requirements_dra.txt (line 27)) (2022.7.1+computecanada)
Processing /cvmfs/soft.computecanada.ca/custom/python/wheelhouse/generic/configobj-5.0.6+computecanada-py3-none-any.whl (from everett[ini]<3.2.0,>=1.0.1->comet-ml==3.33.6->-r requirements_dra.txt (line 24))
Processing /cvmfs/soft.computecanada.ca/custom/python/wheelhouse/generic/smmap-5.0.0+computecanada-py3-none-any.whl (from gitdb<5,>=4.0.1->gitpython>=3.1.30->-r requirements_dra.txt (line 5))
Requirement already satisfied: attrs>=17.4.0 in /cvmfs/soft.computecanada.ca/easybuild/software/2020/avx2/Core/scipy-stack/2023a/lib/python3.10/site-packages (from jsonschema!=3.1.0,>=2.6.0->comet-ml==3.33.6->-r requirements_dra.txt (line 24)) (22.2.0+computecanada)
Requirement already satisfied: pyrsistent!=0.17.0,!=0.17.1,!=0.17.2,>=0.14.0 in /cvmfs/soft.computecanada.ca/easybuild/software/2020/avx2/Core/scipy-stack/2023a/lib/python3.10/site-packages (from jsonschema!=3.1.0,>=2.6.0->comet-ml==3.33.6->-r requirements_dra.txt (line 24)) (0.19.3+computecanada)
Processing /cvmfs/soft.computecanada.ca/custom/python/wheelhouse/generic/markdown_it_py-3.0.0+computecanada-py3-none-any.whl (from rich>=13.3.2->comet-ml==3.33.6->-r requirements_dra.txt (line 24))
Requirement already satisfied: pygments<3.0.0,>=2.13.0 in /cvmfs/soft.computecanada.ca/easybuild/software/2020/avx2/Core/ipykernel/2023a/lib/python3.10/site-packages (from rich>=13.3.2->comet-ml==3.33.6->-r requirements_dra.txt (line 24)) (2.14.0+computecanada)
Requirement already satisfied: MarkupSafe>=2.0 in /cvmfs/soft.computecanada.ca/easybuild/software/2020/avx2/Core/scipy-stack/2023a/lib/python3.10/site-packages (from jinja2->torch>=1.7.0->-r requirements_dra.txt (line 15)) (2.1.2+computecanada)
Requirement already satisfied: mpmath>=0.19 in /cvmfs/soft.computecanada.ca/easybuild/software/2020/avx2/Core/scipy-stack/2023a/lib/python3.10/site-packages (from sympy->torch>=1.7.0->-r requirements_dra.txt (line 15)) (1.2.1+computecanada)
Processing /cvmfs/soft.computecanada.ca/custom/python/wheelhouse/generic/mdurl-0.1.2+computecanada-py3-none-any.whl (from markdown-it-py>=2.2.0->rich>=13.3.2->comet-ml==3.33.6->-r requirements_dra.txt (line 24))
Installing collected packages: py-cpuinfo, everett, wurlitzer, wrapt, websocket-client, tqdm, smmap, simplejson, sentry-sdk, semantic-version, python-box, pillow-simd, networkx, mdurl, filelock, dulwich, configobj, torch, requests-toolbelt, markdown-it-py, gitdb, torchvision, thop, seaborn, rich, gitpython, ultralytics, comet-ml
  Attempting uninstall: websocket-client
    Found existing installation: websocket_client 1.5.1+computecanada
    Not uninstalling websocket-client at /cvmfs/soft.computecanada.ca/easybuild/software/2020/avx2/Core/scipy-stack/2023a/lib/python3.10/site-packages, outside environment /localscratch/bmachado.10152286.0/VENV
    Can't uninstall 'websocket_client'. No files were found to uninstall.
Successfully installed comet-ml-3.33.6 configobj-5.0.6+computecanada dulwich-0.21.3+computecanada everett-2.0.1+computecanada filelock-3.12.0+computecanada gitdb-4.0.10+computecanada gitpython-3.1.31+computecanada markdown-it-py-3.0.0+computecanada mdurl-0.1.2+computecanada networkx-3.1+computecanada pillow-simd-9.0.0.post1+computecanada py-cpuinfo-9.0.0+computecanada python-box-6.0.2+computecanada requests-toolbelt-0.9.1+computecanada rich-13.5.2+computecanada seaborn-0.12.2+computecanada semantic-version-2.10.0+computecanada sentry-sdk-1.25.1+computecanada simplejson-3.19.1+computecanada smmap-5.0.0+computecanada thop-0.1.1.post2209072238+computecanada torch-2.0.1+computecanada torchvision-0.15.2+computecanada tqdm-4.66.1+computecanada ultralytics-8.0.158 websocket-client-1.3.3+computecanada wrapt-1.15.0+computecanada wurlitzer-3.0.3+computecanada
[34m[1mtrain: [0mweights=yolov5l.pt, cfg=, data=wood_defects_1.yaml, hyp=data/hyps/no-augmentation.yaml, epochs=200, batch_size=32, imgsz=1280, rect=False, resume=False, nosave=False, noval=False, noautoanchor=False, noplots=False, evolve=None, bucket=, cache=None, image_weights=False, device=, multi_scale=False, single_cls=True, optimizer=SGD, sync_bn=False, workers=8, project=/home/bmachado/projects/def-doyle/bmachado/peak-renewables/DRA_knot_detection/data/output/job-10152286-test_freeze_no_aug.sh, name=training-res, exist_ok=False, quad=False, cos_lr=False, label_smoothing=0.0, patience=100, freeze=[23], save_period=-1, seed=0, local_rank=-1, entity=None, upload_dataset=False, bbox_interval=-1, artifact_alias=latest
[34m[1mgithub: [0mup to date with https://github.com/ultralytics/yolov5 ✅
Traceback (most recent call last):
  File "/localscratch/bmachado.10152286.0/yolov5/train.py", line 647, in <module>
    main(opt)
  File "/localscratch/bmachado.10152286.0/yolov5/train.py", line 511, in main
    check_file(opt.data), check_yaml(opt.cfg), check_yaml(opt.hyp), str(opt.weights), str(opt.project)  # checks
  File "/localscratch/bmachado.10152286.0/yolov5/utils/general.py", line 442, in check_yaml
    return check_file(file, suffix)
  File "/localscratch/bmachado.10152286.0/yolov5/utils/general.py", line 468, in check_file
    assert len(files), f'File not found: {file}'  # assert file was found
AssertionError: File not found: data/hyps/no-augmentation.yaml
/var/spool/slurmd/job10152286/slurm_script: line 70: cd: /home/bmachado/projects/def-doyle/bmachado/peak-renewables/DRA_knot_detection/data/output/job-10152286-test_freeze_no_aug.sh/training-res: No such file or directory
cp: cannot stat './weights/best.pt': No such file or directory
[34m[1mval: [0mdata=/localscratch/bmachado.10152286.0/yolov5/data/wood_defects_1.yaml, weights=['best.pt'], batch_size=32, imgsz=1280, conf_thres=0.001, iou_thres=0.6, max_det=300, task=test, device=, workers=8, single_cls=True, augment=False, verbose=False, save_txt=False, save_hybrid=False, save_conf=False, save_json=False, project=/home/bmachado/projects/def-doyle/bmachado/peak-renewables/DRA_knot_detection/data/output/job-10152286-test_freeze_no_aug.sh, name=test-res, exist_ok=False, half=False, dnn=False
YOLOv5 🚀 v7.0-210-gdd10481 Python-3.10.2 torch-2.0.1 CUDA:0 (Tesla P100-PCIE-12GB, 12194MiB)

Traceback (most recent call last):
  File "/localscratch/bmachado.10152286.0/yolov5/val.py", line 411, in <module>
    main(opt)
  File "/localscratch/bmachado.10152286.0/yolov5/val.py", line 382, in main
    run(**vars(opt))
  File "/localscratch/bmachado.10152286.0/VENV/lib/python3.10/site-packages/torch/utils/_contextlib.py", line 115, in decorate_context
    return func(*args, **kwargs)
  File "/localscratch/bmachado.10152286.0/yolov5/val.py", line 143, in run
    model = DetectMultiBackend(weights, device=device, dnn=dnn, data=data, fp16=half)
  File "/localscratch/bmachado.10152286.0/yolov5/models/common.py", line 356, in __init__
    model = attempt_load(weights if isinstance(weights, list) else w, device=device, inplace=True, fuse=fuse)
  File "/localscratch/bmachado.10152286.0/yolov5/models/experimental.py", line 79, in attempt_load
    ckpt = torch.load(attempt_download(w), map_location='cpu')  # load
  File "/localscratch/bmachado.10152286.0/VENV/lib/python3.10/site-packages/torch/serialization.py", line 791, in load
    with _open_file_like(f, 'rb') as opened_file:
  File "/localscratch/bmachado.10152286.0/VENV/lib/python3.10/site-packages/torch/serialization.py", line 271, in _open_file_like
    return _open_file(name_or_buffer, mode)
  File "/localscratch/bmachado.10152286.0/VENV/lib/python3.10/site-packages/torch/serialization.py", line 252, in __init__
    super().__init__(open(name, mode))
FileNotFoundError: [Errno 2] No such file or directory: 'best.pt'
mv: cannot stat '/localscratch/bmachado.10152286.0/yolov5/.cometml-runs/*.zip': No such file or directory
mv: cannot stat 'drac_logfile_10152286.txt': No such file or directory
----------------------------------------
using test_freeze_no_aug.sh
